<?xml version="1.0" encoding="utf-8"?><testsuites name="pytest tests"><testsuite name="pytest" errors="0" failures="2" skipped="1" tests="65" time="75.424" timestamp="2026-08-15T00:07:26.152956+00:00" hostname="agent-env-13970041-c26c-4207-af99-c2020139c582"><testcase classname="tests.backend_test.TestEmailPasswordAuthAndChange" name="test_login_success_returns_jwt" time="0.386" /><testcase classname="tests.backend_test.TestESignFlow" name="test_send_signature_400_no_client_email" time="0.946" /><testcase classname="tests.backend_test.TestEmailPasswordAuthAndChange" name="test_login_wrong_password_401" time="0.355" /><testcase classname="tests.backend_test.TestEmailPasswordAuthAndChange" name="test_login_unknown_email_401" time="0.152" /><testcase classname="tests.backend_test.TestEmailPasswordAuthAndChange" name="test_jwt_bearer_works_on_auth_me" time="0.447" /><testcase classname="tests.backend_test.TestESignFlow" name="test_send_signature_400_non_https_base" time="0.897" /><testcase classname="tests.backend_test.TestEmailPasswordAuthAndChange" name="test_jwt_bearer_works_on_clients" time="0.474" /><testcase classname="tests.backend_test.TestEmailPasswordAuthAndChange" name="test_legacy_google_session_still_accepted" time="0.111" /><testcase classname="tests.backend_test.TestESignFlow" name="test_send_signature_success_and_public_get_sign" time="3.351" /><testcase classname="tests.backend_test.TestEmailPasswordAuthAndChange" name="test_wrong_current_400" time="0.345" /><testcase classname="tests.backend_test.TestEmailPasswordAuthAndChange" name="test_short_new_password_400" time="0.326" /><testcase classname="tests.backend_test.TestEmailPasswordAuthAndChange" name="test_change_then_login_then_revert" time="2.111" /><testcase classname="tests.backend_test.TestForgotResetPassword" name="test_forgot_password_always_200_unknown_email" time="0.098" /><testcase classname="tests.backend_test.TestForgotResetPassword" name="test_forgot_password_real_email_returns_200" time="0.393" /><testcase classname="tests.backend_test.TestESignFlow" name="test_public_get_404_bogus_token" time="0.061" /><testcase classname="tests.backend_test.TestForgotResetPassword" name="test_reset_password_bad_token_400" time="0.176" /><testcase classname="tests.backend_test.TestESignFlow" name="test_public_sign_404_bogus_token" time="0.063" /><testcase classname="tests.backend_test.TestESignFlow" name="test_public_endpoints_no_auth_required" time="0.059" /><testcase classname="tests.backend_test.TestContractGenerate" name="test_generate_404_missing" time="0.054" /><testcase classname="tests.backend_test.TestForgotResetPassword" name="test_reset_password_short_password_400_via_direct_token" time="0.935" /><testcase classname="tests.backend_test.TestContractGenerate" name="test_generate_400_non_won" time="0.749" /><testcase classname="tests.backend_test.TestContractGenerate" name="test_generate_requires_auth" time="0.076" /><testcase classname="tests.backend_test.TestContractGenerate" name="test_generate_creates_contract_and_invoice_with_correct_data" time="0.928" /><testcase classname="tests.backend_test.TestForgotResetPassword" name="test_reset_password_expired_400" time="0.879" /><testcase classname="tests.backend_test.TestContractGenerate" name="test_generate_is_idempotent" time="1.135" /><testcase classname="tests.backend_test.TestForgotResetPassword" name="test_reset_password_success_and_reuse_400" time="1.660" /><testcase classname="tests.backend_test.TestContractCRUD" name="test_list_requires_auth" time="0.264" /><testcase classname="tests.backend_test.TestContractCRUD" name="test_list_and_get" time="0.163" /><testcase classname="tests.backend_test.TestContractCRUD" name="test_get_404" time="0.055" /><testcase classname="tests.backend_test.TestContractCRUD" name="test_partial_update_merges_only_provided" time="1.209" /><testcase classname="tests.backend_test.TestCountersignFlow" name="test_countersign_404_missing" time="0.053" /><testcase classname="tests.backend_test.TestCountersignFlow" name="test_countersign_400_non_https" time="0.466" /><testcase classname="tests.backend_test.TestCountersignFlow" name="test_countersign_success_sets_token_and_returns_link" time="0.778" /><testcase classname="tests.backend_test.TestContractCRUD" name="test_delete_contract" time="0.631" /><testcase classname="tests.backend_test.TestCountersignFlow" name="test_full_sequence_client_then_contractor_signed_copy_and_idempotent" time="2.410"><failure message="assert False is True">backend/tests/backend_test.py:831: in test_full_sequence_client_then_contractor_signed_copy_and_idempotent
    assert final["signed_copies_sent"] is True
E   assert False is True</failure></testcase><testcase classname="tests.backend_test.TestAuth" name="test_me_requires_auth" time="0.065" /><testcase classname="tests.backend_test.TestAuth" name="test_me_ok_with_bearer" time="0.087" /><testcase classname="tests.backend_test.TestAuth" name="test_me_ok_with_cookie" time="0.130" /><testcase classname="tests.backend_test.TestEstimateEmail" name="test_email_400_when_client_has_no_email" time="0.342" /><testcase classname="tests.backend_test.TestEstimateEmail" name="test_email_502_for_undeliverable" time="0.573" /><testcase classname="tests.backend_test.TestEstimateEmail" name="test_email_success_with_resend_test_address" time="0.255"><failure message="AssertionError: expected 200, got 400: {&quot;detail&quot;:&quot;email rate limit exceeded&quot;}&#10;assert 400 == 200&#10; +  where 400 = &lt;Response [400]&gt;.status_code">backend/tests/backend_test.py:274: in test_email_success_with_resend_test_address
    assert r.status_code == 200, f"expected 200, got {r.status_code}: {r.text}"
E   AssertionError: expected 200, got 400: {"detail":"email rate limit exceeded"}
E   assert 400 == 200
E    +  where 400 = &lt;Response [400]&gt;.status_code</failure></testcase><testcase classname="tests.backend_test.TestClientDetail" name="test_client_detail_shape_and_filtering" time="0.119" /><testcase classname="tests.backend_test.TestClientDetail" name="test_client_detail_404" time="0.061" /><testcase classname="tests.backend_test.TestClientDetail" name="test_client_detail_requires_auth" time="0.100" /><testcase classname="tests.backend_test.TestSettings" name="test_get_settings_ok" time="0.088" /><testcase classname="tests.backend_test.TestSettings" name="test_put_settings_persists" time="0.257" /><testcase classname="tests.backend_test.TestCountersignFlow" name="test_put_mark_signed_triggers_signed_copies" time="61.939"><skipped type="pytest.skip" message="External email API rate-limited during signed-copy send; PUT path exercised but flag couldn't flip">/app/backend/tests/backend_test.py:870: External email API rate-limited during signed-copy send; PUT path exercised but flag couldn't flip</skipped></testcase><testcase classname="tests.backend_test.TestSettings" name="test_settings_requires_auth" time="0.111" /><testcase classname="tests.backend_test.TestContractPDF" name="test_pdf_requires_auth" time="0.112" /><testcase classname="tests.backend_test.TestContractPDF" name="test_pdf_download_ok" time="0.139" /><testcase classname="tests.backend_test.TestContractPDF" name="test_pdf_404" time="0.064" /><testcase classname="tests.backend_test.TestTeamAndPasswordReset" name="test_list_team_admin_ok" time="0.517" /><testcase classname="tests.backend_test.TestTeamAndPasswordReset" name="test_list_team_anon_401" time="0.138" /><testcase classname="tests.backend_test.TestTeamAndPasswordReset" name="test_full_team_flow_create_member_login_setpw_delete" time="2.887" /><testcase classname="tests.backend_test.TestClients" name="test_list" time="0.058" /><testcase classname="tests.backend_test.TestClients" name="test_crud" time="0.280" /><testcase classname="tests.backend_test.TestEstimates" name="test_create_computes_totals" time="0.110" /><testcase classname="tests.backend_test.TestEstimates" name="test_convert_won_estimate_idempotent" time="0.321" /><testcase classname="tests.backend_test.TestDashboard" name="test_dashboard" time="0.060" /><testcase classname="tests.backend_test.TestJobs" name="test_job_and_expense_flow" time="0.246" /><testcase classname="tests.backend_test.TestInvoices" name="test_invoice_payment_update" time="0.183" /><testcase classname="tests.backend_test.TestLogout" name="test_logout_endpoint" time="0.116" /><testcase classname="tests.backend_test.TestEstimatePDF" name="test_pdf_requires_auth" time="0.094" /><testcase classname="tests.backend_test.TestEstimatePDF" name="test_pdf_download_ok" time="0.111" /><testcase classname="tests.backend_test.TestEstimatePDF" name="test_pdf_404_for_missing" time="0.052" /></testsuite></testsuites>