<?xml version="1.0" encoding="utf-8"?><testsuites name="pytest tests"><testsuite name="pytest" errors="0" failures="0" skipped="0" tests="47" time="122.751" timestamp="2026-08-14T21:58:17.164488+00:00" hostname="agent-env-13970041-c26c-4207-af99-c2020139c582"><testcase classname="tests.backend_test.TestAuth" name="test_me_requires_auth" time="0.208" /><testcase classname="tests.backend_test.TestAuth" name="test_me_ok_with_bearer" time="0.133" /><testcase classname="tests.backend_test.TestAuth" name="test_me_ok_with_cookie" time="0.121" /><testcase classname="tests.backend_test.TestDashboard" name="test_dashboard" time="0.071" /><testcase classname="tests.backend_test.TestClients" name="test_list" time="0.055" /><testcase classname="tests.backend_test.TestClients" name="test_crud" time="0.321" /><testcase classname="tests.backend_test.TestEstimates" name="test_create_computes_totals" time="0.122" /><testcase classname="tests.backend_test.TestEstimates" name="test_convert_won_estimate_idempotent" time="0.280" /><testcase classname="tests.backend_test.TestJobs" name="test_job_and_expense_flow" time="0.242" /><testcase classname="tests.backend_test.TestInvoices" name="test_invoice_payment_update" time="0.181" /><testcase classname="tests.backend_test.TestEstimatePDF" name="test_pdf_requires_auth" time="0.106" /><testcase classname="tests.backend_test.TestEstimatePDF" name="test_pdf_download_ok" time="0.127" /><testcase classname="tests.backend_test.TestEstimatePDF" name="test_pdf_404_for_missing" time="0.066" /><testcase classname="tests.backend_test.TestEstimateEmail" name="test_email_400_when_client_has_no_email" time="0.297" /><testcase classname="tests.backend_test.TestEstimateEmail" name="test_email_502_for_undeliverable" time="0.396" /><testcase classname="tests.backend_test.TestEstimateEmail" name="test_email_success_with_resend_test_address" time="0.667" /><testcase classname="tests.backend_test.TestClientDetail" name="test_client_detail_shape_and_filtering" time="0.116" /><testcase classname="tests.backend_test.TestClientDetail" name="test_client_detail_404" time="0.056" /><testcase classname="tests.backend_test.TestClientDetail" name="test_client_detail_requires_auth" time="0.056" /><testcase classname="tests.backend_test.TestLogout" name="test_logout_endpoint" time="0.110" /><testcase classname="tests.backend_test.TestSettings" name="test_get_settings_ok" time="0.071" /><testcase classname="tests.backend_test.TestSettings" name="test_put_settings_persists" time="0.226" /><testcase classname="tests.backend_test.TestSettings" name="test_settings_requires_auth" time="0.053" /><testcase classname="tests.backend_test.TestContractGenerate" name="test_generate_404_missing" time="0.054" /><testcase classname="tests.backend_test.TestContractGenerate" name="test_generate_400_non_won" time="0.285" /><testcase classname="tests.backend_test.TestContractGenerate" name="test_generate_requires_auth" time="0.056" /><testcase classname="tests.backend_test.TestContractGenerate" name="test_generate_creates_contract_and_invoice_with_correct_data" time="0.401" /><testcase classname="tests.backend_test.TestContractGenerate" name="test_generate_is_idempotent" time="0.509" /><testcase classname="tests.backend_test.TestContractCRUD" name="test_list_requires_auth" time="0.054" /><testcase classname="tests.backend_test.TestContractCRUD" name="test_list_and_get" time="0.117" /><testcase classname="tests.backend_test.TestContractCRUD" name="test_get_404" time="0.051" /><testcase classname="tests.backend_test.TestContractCRUD" name="test_partial_update_merges_only_provided" time="1.020" /><testcase classname="tests.backend_test.TestContractCRUD" name="test_delete_contract" time="0.443" /><testcase classname="tests.backend_test.TestContractPDF" name="test_pdf_requires_auth" time="0.116" /><testcase classname="tests.backend_test.TestContractPDF" name="test_pdf_download_ok" time="0.126" /><testcase classname="tests.backend_test.TestContractPDF" name="test_pdf_404" time="0.054" /><testcase classname="tests.backend_test.TestESignFlow" name="test_send_signature_400_no_client_email" time="0.445" /><testcase classname="tests.backend_test.TestESignFlow" name="test_send_signature_400_non_https_base" time="0.469" /><testcase classname="tests.backend_test.TestESignFlow" name="test_send_signature_success_and_public_get_sign" time="1.448" /><testcase classname="tests.backend_test.TestESignFlow" name="test_public_get_404_bogus_token" time="0.051" /><testcase classname="tests.backend_test.TestESignFlow" name="test_public_sign_404_bogus_token" time="0.130" /><testcase classname="tests.backend_test.TestESignFlow" name="test_public_endpoints_no_auth_required" time="0.051" /><testcase classname="tests.backend_test.TestCountersignFlow" name="test_countersign_404_missing" time="0.061" /><testcase classname="tests.backend_test.TestCountersignFlow" name="test_countersign_400_non_https" time="0.444" /><testcase classname="tests.backend_test.TestCountersignFlow" name="test_countersign_success_sets_token_and_returns_link" time="46.449" /><testcase classname="tests.backend_test.TestCountersignFlow" name="test_full_sequence_client_then_contractor_signed_copy_and_idempotent" time="2.975" /><testcase classname="tests.backend_test.TestCountersignFlow" name="test_put_mark_signed_triggers_signed_copies" time="62.699" /></testsuite></testsuites>